Created by PLY version 3.11 (http://www.dabeaz.com/ply)

Unused terminals:

    ID

Grammar

Rule 0     S' -> statement
Rule 1     statement -> GRAFICAR
Rule 2     statement -> WINDOW_SIZE NUMBER NUMBER
Rule 3     statement -> EXIT
Rule 4     statement -> ROOM_SIZE NUMBER NUMBER
Rule 5     statement -> BK_COLOR NUMBER NUMBER NUMBER
Rule 6     statement -> ROOM_COLOR NUMBER NUMBER NUMBER
Rule 7     statement -> ROOM_UNITS NUMBER
Rule 8     statement -> ITEM_CHANCE NUMBER
Rule 9     statement -> BOSS_CHANCE NUMBER
Rule 10    statement -> PASSAGE_WIDTH NUMBER

Terminals, with rules where they appear

BK_COLOR             : 5
BOSS_CHANCE          : 9
EXIT                 : 3
GRAFICAR             : 1
ID                   : 
ITEM_CHANCE          : 8
NUMBER               : 2 2 4 4 5 5 5 6 6 6 7 8 9 10
PASSAGE_WIDTH        : 10
ROOM_COLOR           : 6
ROOM_SIZE            : 4
ROOM_UNITS           : 7
WINDOW_SIZE          : 2
error                : 

Nonterminals, with rules where they appear

statement            : 0

Parsing method: LALR

state 0

    (0) S' -> . statement
    (1) statement -> . GRAFICAR
    (2) statement -> . WINDOW_SIZE NUMBER NUMBER
    (3) statement -> . EXIT
    (4) statement -> . ROOM_SIZE NUMBER NUMBER
    (5) statement -> . BK_COLOR NUMBER NUMBER NUMBER
    (6) statement -> . ROOM_COLOR NUMBER NUMBER NUMBER
    (7) statement -> . ROOM_UNITS NUMBER
    (8) statement -> . ITEM_CHANCE NUMBER
    (9) statement -> . BOSS_CHANCE NUMBER
    (10) statement -> . PASSAGE_WIDTH NUMBER

    GRAFICAR        shift and go to state 2
    WINDOW_SIZE     shift and go to state 3
    EXIT            shift and go to state 4
    ROOM_SIZE       shift and go to state 5
    BK_COLOR        shift and go to state 6
    ROOM_COLOR      shift and go to state 7
    ROOM_UNITS      shift and go to state 8
    ITEM_CHANCE     shift and go to state 9
    BOSS_CHANCE     shift and go to state 10
    PASSAGE_WIDTH   shift and go to state 11

    statement                      shift and go to state 1

state 1

    (0) S' -> statement .



state 2

    (1) statement -> GRAFICAR .

    $end            reduce using rule 1 (statement -> GRAFICAR .)


state 3

    (2) statement -> WINDOW_SIZE . NUMBER NUMBER

    NUMBER          shift and go to state 12


state 4

    (3) statement -> EXIT .

    $end            reduce using rule 3 (statement -> EXIT .)


state 5

    (4) statement -> ROOM_SIZE . NUMBER NUMBER

    NUMBER          shift and go to state 13


state 6

    (5) statement -> BK_COLOR . NUMBER NUMBER NUMBER

    NUMBER          shift and go to state 14


state 7

    (6) statement -> ROOM_COLOR . NUMBER NUMBER NUMBER

    NUMBER          shift and go to state 15


state 8

    (7) statement -> ROOM_UNITS . NUMBER

    NUMBER          shift and go to state 16


state 9

    (8) statement -> ITEM_CHANCE . NUMBER

    NUMBER          shift and go to state 17


state 10

    (9) statement -> BOSS_CHANCE . NUMBER

    NUMBER          shift and go to state 18


state 11

    (10) statement -> PASSAGE_WIDTH . NUMBER

    NUMBER          shift and go to state 19


state 12

    (2) statement -> WINDOW_SIZE NUMBER . NUMBER

    NUMBER          shift and go to state 20


state 13

    (4) statement -> ROOM_SIZE NUMBER . NUMBER

    NUMBER          shift and go to state 21


state 14

    (5) statement -> BK_COLOR NUMBER . NUMBER NUMBER

    NUMBER          shift and go to state 22


state 15

    (6) statement -> ROOM_COLOR NUMBER . NUMBER NUMBER

    NUMBER          shift and go to state 23


state 16

    (7) statement -> ROOM_UNITS NUMBER .

    $end            reduce using rule 7 (statement -> ROOM_UNITS NUMBER .)


state 17

    (8) statement -> ITEM_CHANCE NUMBER .

    $end            reduce using rule 8 (statement -> ITEM_CHANCE NUMBER .)


state 18

    (9) statement -> BOSS_CHANCE NUMBER .

    $end            reduce using rule 9 (statement -> BOSS_CHANCE NUMBER .)


state 19

    (10) statement -> PASSAGE_WIDTH NUMBER .

    $end            reduce using rule 10 (statement -> PASSAGE_WIDTH NUMBER .)


state 20

    (2) statement -> WINDOW_SIZE NUMBER NUMBER .

    $end            reduce using rule 2 (statement -> WINDOW_SIZE NUMBER NUMBER .)


state 21

    (4) statement -> ROOM_SIZE NUMBER NUMBER .

    $end            reduce using rule 4 (statement -> ROOM_SIZE NUMBER NUMBER .)


state 22

    (5) statement -> BK_COLOR NUMBER NUMBER . NUMBER

    NUMBER          shift and go to state 24


state 23

    (6) statement -> ROOM_COLOR NUMBER NUMBER . NUMBER

    NUMBER          shift and go to state 25


state 24

    (5) statement -> BK_COLOR NUMBER NUMBER NUMBER .

    $end            reduce using rule 5 (statement -> BK_COLOR NUMBER NUMBER NUMBER .)


state 25

    (6) statement -> ROOM_COLOR NUMBER NUMBER NUMBER .

    $end            reduce using rule 6 (statement -> ROOM_COLOR NUMBER NUMBER NUMBER .)

